	Command being timed: "julia scripts/solve_F4_from_file.jl data/HFE_n4_d4_system.in 4"
	User time (seconds): 10.59
	System time (seconds): 0.72
	Percent of CPU this job got: 100%
	Elapsed (wall clock) time (h:mm:ss or m:ss): 0:11.24
	Average shared text size (kbytes): 0
	Average unshared data size (kbytes): 0
	Average stack size (kbytes): 0
	Average total size (kbytes): 0
	Maximum resident set size (kbytes): 454404
	Average resident set size (kbytes): 0
	Major (requiring I/O) page faults: 0
	Minor (reclaiming a frame) page faults: 185963
	Voluntary context switches: 1121
	Involuntary context switches: 95
	Swaps: 0
	File system inputs: 472
	File system outputs: 40
	Socket messages sent: 0
	Socket messages received: 0
	Signals delivered: 0
	Page size (bytes): 4096
	Exit status: 0
